[0615/211807.289:ERROR:process_info.cc(329)] VirtualQueryEx: Access is denied. (0x5)
[0615/211807.289:ERROR:process_info.cc(556)] ReadMemoryInfo failed
[0615/211807.289:ERROR:scoped_process_suspend.cc(40)] NtResumeProcess: An attempt was made to access an exiting process. (0xc000010a)
[0816/171816.944:ERROR:process_memory_win.cc(73)] ReadMemory at 0x7ff61f6f0000 of 64 bytes failed: Only part of a ReadProcessMemory or WriteProcessMemory request was completed. (0x12B)
[0816/171816.945:WARNING:pe_image_reader.cc(340)] could not read dos header from C:\Program Files (x86)\Google\Chrome\Application\chrome.exe
[0816/171816.946:ERROR:process_memory_win.cc(73)] ReadMemory at 0x7ffe99040000 of 64 bytes failed: Only part of a ReadProcessMemory or WriteProcessMemory request was completed. (0x12B)
[0816/171816.946:WARNING:pe_image_reader.cc(340)] could not read dos header from C:\WINDOWS\SYSTEM32\ntdll.dll
[0816/171816.946:ERROR:process_memory_win.cc(73)] ReadMemory at 0x7ffe98430000 of 64 bytes failed: Only part of a ReadProcessMemory or WriteProcessMemory request was completed. (0x12B)
[0816/171816.946:WARNING:pe_image_reader.cc(340)] could not read dos header from C:\WINDOWS\System32\KERNEL32.DLL
[0816/171816.946:ERROR:process_memory_win.cc(73)] ReadMemory at 0x7ffe96940000 of 64 bytes failed: Only part of a ReadProcessMemory or WriteProcessMemory request was completed. (0x12B)
[0816/171816.946:WARNING:pe_image_reader.cc(340)] could not read dos header from C:\WINDOWS\System32\KERNELBASE.dll
[0816/171816.947:ERROR:process_memory_win.cc(73)] ReadMemory at 0x7ffe74900000 of 64 bytes failed: Only part of a ReadProcessMemory or WriteProcessMemory request was completed. (0x12B)
[0816/171816.947:WARNING:pe_image_reader.cc(340)] could not read dos header from C:\Program Files (x86)\Google\Chrome\Application\84.0.4147.125\chrome_elf.dll
[0816/171816.947:ERROR:process_memory_win.cc(73)] ReadMemory at 0x7ffe8d320000 of 64 bytes failed: Only part of a ReadProcessMemory or WriteProcessMemory request was completed. (0x12B)
[0816/171816.947:WARNING:pe_image_reader.cc(340)] could not read dos header from C:\WINDOWS\SYSTEM32\VERSION.dll
[0816/171816.947:ERROR:process_memory_win.cc(73)] ReadMemory at 0x7ffe98d60000 of 64 bytes failed: Only part of a ReadProcessMemory or WriteProcessMemory request was completed. (0x12B)
[0816/171816.947:WARNING:pe_image_reader.cc(340)] could not read dos header from C:\WINDOWS\System32\msvcrt.dll
[0816/171816.947:ERROR:process_memory_win.cc(73)] ReadMemory at 0x7ffe96dd0000 of 64 bytes failed: Only part of a ReadProcessMemory or WriteProcessMemory request was completed. (0x12B)
[0816/171816.947:WARNING:pe_image_reader.cc(340)] could not read dos header from C:\WINDOWS\System32\bcryptPrimitives.dll
[0816/171816.947:ERROR:process_memory_win.cc(73)] ReadMemory at 0x7ffe98160000 of 64 bytes failed: Only part of a ReadProcessMemory or WriteProcessMemory request was completed. (0x12B)
[0816/171816.947:WARNING:pe_image_reader.cc(340)] could not read dos header from C:\WINDOWS\System32\ADVAPI32.dll
[0816/171816.947:ERROR:process_memory_win.cc(73)] ReadMemory at 0x7ffe98ac0000 of 64 bytes failed: Only part of a ReadProcessMemory or WriteProcessMemory request was completed. (0x12B)
[0816/171816.947:WARNING:pe_image_reader.cc(340)] could not read dos header from C:\WINDOWS\System32\sechost.dll
[0816/171816.948:ERROR:process_memory_win.cc(73)] ReadMemory at 0x7ffe97780000 of 64 bytes failed: Only part of a ReadProcessMemory or WriteProcessMemory request was completed. (0x12B)
[0816/171816.948:WARNING:pe_image_reader.cc(340)] could not read dos header from C:\WINDOWS\System32\RPCRT4.dll
[0816/171816.948:ERROR:process_memory_win.cc(73)] ReadMemory at 0x7ffe58b00000 of 64 bytes failed: Only part of a ReadProcessMemory or WriteProcessMemory request was completed. (0x12B)
[0816/171816.948:WARNING:pe_image_reader.cc(340)] could not read dos header from C:\Program Files (x86)\Google\Chrome\Application\84.0.4147.125\chrome.dll
[0816/171816.948:ERROR:process_memory_win.cc(73)] ReadMemory at 0x7ffe98520000 of 64 bytes failed: Only part of a ReadProcessMemory or WriteProcessMemory request was completed. (0x12B)
[0816/171816.948:WARNING:pe_image_reader.cc(340)] could not read dos header from C:\WINDOWS\System32\WS2_32.dll
[0816/171816.948:ERROR:process_memory_win.cc(73)] ReadMemory at 0x7ffe98c90000 of 64 bytes failed: Only part of a ReadProcessMemory or WriteProcessMemory request was completed. (0x12B)
[0816/171816.948:WARNING:pe_image_reader.cc(340)] could not read dos header from C:\WINDOWS\System32\OLEAUT32.dll
[0816/171816.948:ERROR:process_memory_win.cc(73)] ReadMemory at 0x7ffe97050000 of 64 bytes failed: Only part of a ReadProcessMemory or WriteProcessMemory request was completed. (0x12B)
[0816/171816.948:WARNING:pe_image_reader.cc(340)] could not read dos header from C:\WINDOWS\System32\msvcp_win.dll
[0816/171816.949:ERROR:process_memory_win.cc(73)] ReadMemory at 0x7ffe96e80000 of 64 bytes failed: Only part of a ReadProcessMemory or WriteProcessMemory request was completed. (0x12B)
[0816/171816.949:WARNING:pe_image_reader.cc(340)] could not read dos header from C:\WINDOWS\System32\ucrtbase.dll
[0816/171816.949:ERROR:process_memory_win.cc(73)] ReadMemory at 0x7ffe98590000 of 64 bytes failed: Only part of a ReadProcessMemory or WriteProcessMemory request was completed. (0x12B)
[0816/171816.949:WARNING:pe_image_reader.cc(340)] could not read dos header from C:\WINDOWS\System32\combase.dll
[0816/171816.949:ERROR:process_memory_win.cc(73)] ReadMemory at 0x7ffe96bf0000 of 64 bytes failed: Only part of a ReadProcessMemory or WriteProcessMemory request was completed. (0x12B)
[0816/171816.949:WARNING:pe_image_reader.cc(340)] could not read dos header from C:\WINDOWS\System32\WINTRUST.dll
[0816/171816.949:ERROR:process_memory_win.cc(73)] ReadMemory at 0x7ffe95f80000 of 64 bytes failed: Only part of a ReadProcessMemory or WriteProcessMemory request was completed. (0x12B)
[0816/171816.949:WARNING:pe_image_reader.cc(340)] could not read dos header from C:\WINDOWS\System32\MSASN1.dll
[0816/171816.949:ERROR:process_memory_win.cc(73)] ReadMemory at 0x7ffe96c50000 of 64 bytes failed: Only part of a ReadProcessMemory or WriteProcessMemory request was completed. (0x12B)
[0816/171816.949:WARNING:pe_image_reader.cc(340)] could not read dos header from C:\WINDOWS\System32\CRYPT32.dll
[0816/171816.949:ERROR:process_memory_win.cc(73)] ReadMemory at 0x7ffe95410000 of 64 bytes failed: Only part of a ReadProcessMemory or WriteProcessMemory request was completed. (0x12B)
[0816/171816.949:WARNING:pe_image_reader.cc(340)] could not read dos header from C:\WINDOWS\SYSTEM32\IPHLPAPI.DLL
[0816/171816.950:ERROR:process_memory_win.cc(73)] ReadMemory at 0x7ffe93df0000 of 64 bytes failed: Only part of a ReadProcessMemory or WriteProcessMemory request was completed. (0x12B)
[0816/171816.950:WARNING:pe_image_reader.cc(340)] could not read dos header from C:\WINDOWS\SYSTEM32\WINMM.dll
[0816/171816.950:ERROR:process_memory_win.cc(73)] ReadMemory at 0x7ffe81cf0000 of 64 bytes failed: Only part of a ReadProcessMemory or WriteProcessMemory request was completed. (0x12B)
[0816/171816.950:WARNING:pe_image_reader.cc(340)] could not read dos header from C:\WINDOWS\SYSTEM32\Secur32.dll
[0816/171816.950:ERROR:process_memory_win.cc(73)] ReadMemory at 0x7ffe95de0000 of 64 bytes failed: Only part of a ReadProcessMemory or WriteProcessMemory request was completed. (0x12B)
[0816/171816.950:WARNING:pe_image_reader.cc(340)] could not read dos header from C:\WINDOWS\SYSTEM32\USERENV.dll
[0816/171816.950:ERROR:process_memory_win.cc(73)] ReadMemory at 0x7ffe95f50000 of 64 bytes failed: Only part of a ReadProcessMemory or WriteProcessMemory request was completed. (0x12B)
[0816/171816.950:WARNING:pe_image_reader.cc(340)] could not read dos header from C:\WINDOWS\System32\profapi.dll
[0816/171816.950:ERROR:process_memory_win.cc(73)] ReadMemory at 0x7ffe7c110000 of 64 bytes failed: Only part of a ReadProcessMemory or WriteProcessMemory request was completed. (0x12B)
[0816/171816.950:WARNING:pe_image_reader.cc(340)] could not read dos header from C:\WINDOWS\SYSTEM32\UIAutomationCore.DLL
[0816/171816.950:ERROR:process_memory_win.cc(73)] ReadMemory at 0x7ffe82b80000 of 64 bytes failed: Only part of a ReadProcessMemory or WriteProcessMemory request was completed. (0x12B)
[0816/171816.951:WARNING:pe_image_reader.cc(340)] could not read dos header from C:\WINDOWS\SYSTEM32\DWrite.dll
[0816/171816.951:ERROR:process_memory_win.cc(73)] ReadMemory at 0x7ffe7e550000 of 64 bytes failed: Only part of a ReadProcessMemory or WriteProcessMemory request was completed. (0x12B)
[0816/171816.951:WARNING:pe_image_reader.cc(340)] could not read dos header from C:\WINDOWS\SYSTEM32\WINSPOOL.DRV
[0816/171816.951:ERROR:process_memory_win.cc(73)] ReadMemory at 0x7ffe95fa0000 of 64 bytes failed: Only part of a ReadProcessMemory or WriteProcessMemory request was completed. (0x12B)
[0816/171816.951:WARNING:pe_image_reader.cc(340)] could not read dos header from C:\WINDOWS\System32\kernel.appcore.dll
[0816/171816.951:ERROR:process_memory_win.cc(73)] ReadMemory at 0x7ffe96da0000 of 64 bytes failed: Only part of a ReadProcessMemory or WriteProcessMemory request was completed. (0x12B)
[0816/171816.951:WARNING:pe_image_reader.cc(340)] could not read dos header from C:\WINDOWS\System32\bcrypt.dll
[0816/171816.951:ERROR:process_memory_win.cc(73)] ReadMemory at 0x7ffe87c40000 of 64 bytes failed: Only part of a ReadProcessMemory or WriteProcessMemory request was completed. (0x12B)
[0816/171816.951:WARNING:pe_image_reader.cc(340)] could not read dos header from C:\WINDOWS\SYSTEM32\dbghelp.dll
[0816/171816.951:ERROR:process_memory_win.cc(73)] ReadMemory at 0x7ffe8c390000 of 64 bytes failed: Only part of a ReadProcessMemory or WriteProcessMemory request was completed. (0x12B)
[0816/171816.952:WARNING:pe_image_reader.cc(340)] could not read dos header from C:\WINDOWS\SYSTEM32\WINHTTP.dll
[0816/171816.952:ERROR:process_memory_win.cc(73)] ReadMemory at 0x7ffe8eb10000 of 64 bytes failed: Only part of a ReadProcessMemory or WriteProcessMemory request was completed. (0x12B)
[0816/171816.952:WARNING:pe_image_reader.cc(340)] could not read dos header from C:\WINDOWS\SYSTEM32\dhcpcsvc.DLL
[0816/171816.952:ERROR:process_memory_win.cc(73)] ReadMemory at 0x7ffe978a0000 of 64 bytes failed: Only part of a ReadProcessMemory or WriteProcessMemory request was completed. (0x12B)
[0816/171816.952:WARNING:pe_image_reader.cc(340)] could not read dos header from C:\WINDOWS\System32\NSI.dll
[0816/171816.952:ERROR:process_memory_win.cc(73)] ReadMemory at 0x7ffe93d70000 of 64 bytes failed: Only part of a ReadProcessMemory or WriteProcessMemory request was completed. (0x12B)
[0816/171816.952:WARNING:pe_image_reader.cc(340)] could not read dos header from C:\WINDOWS\SYSTEM32\WINMMBASE.dll
[0816/171816.952:ERROR:process_memory_win.cc(73)] ReadMemory at 0x7ffe96160000 of 64 bytes failed: Only part of a ReadProcessMemory or WriteProcessMemory request was completed. (0x12B)
[0816/171816.952:WARNING:pe_image_reader.cc(340)] could not read dos header from C:\WINDOWS\System32\cfgmgr32.dll
[0816/171816.952:ERROR:process_memory_win.cc(73)] ReadMemory at 0x7ffe927b0000 of 64 bytes failed: Only part of a ReadProcessMemory or WriteProcessMemory request was completed. (0x12B)
[0816/171816.952:WARNING:pe_image_reader.cc(340)] could not read dos header from C:\WINDOWS\SYSTEM32\PROPSYS.dll
[0816/171816.952:ERROR:process_memory_win.cc(73)] ReadMemory at 0x7ffe97170000 of 64 bytes failed: Only part of a ReadProcessMemory or WriteProcessMemory request was completed. (0x12B)
[0816/171816.953:WARNING:pe_image_reader.cc(340)] could not read dos header from C:\WINDOWS\System32\shcore.dll
[0816/171816.953:ERROR:process_memory_win.cc(73)] ReadMemory at 0x7ffe95e10000 of 64 bytes failed: Only part of a ReadProcessMemory or WriteProcessMemory request was completed. (0x12B)
[0816/171816.953:WARNING:pe_image_reader.cc(340)] could not read dos header from C:\WINDOWS\SYSTEM32\SSPICLI.DLL
[0816/171816.953:ERROR:process_memory_win.cc(73)] ReadMemory at 0x7ffe958d0000 of 64 bytes failed: Only part of a ReadProcessMemory or WriteProcessMemory request was completed. (0x12B)
[0816/171816.953:WARNING:pe_image_reader.cc(340)] could not read dos header from C:\WINDOWS\SYSTEM32\CRYPTBASE.DLL
[0816/171816.958:ERROR:process_memory_win.cc(73)] ReadMemory at 0x7ff61f6f0000 of 64 bytes failed: Only part of a ReadProcessMemory or WriteProcessMemory request was completed. (0x12B)
[0816/171816.958:WARNING:pe_image_reader.cc(340)] could not read dos header from C:\Program Files (x86)\Google\Chrome\Application\chrome.exe
[0816/171816.958:ERROR:process_memory_win.cc(73)] ReadMemory at 0x7ffe99040000 of 64 bytes failed: Only part of a ReadProcessMemory or WriteProcessMemory request was completed. (0x12B)
[0816/171816.958:WARNING:pe_image_reader.cc(340)] could not read dos header from C:\WINDOWS\SYSTEM32\ntdll.dll
[0816/171816.958:ERROR:process_memory_win.cc(73)] ReadMemory at 0x7ffe98430000 of 64 bytes failed: Only part of a ReadProcessMemory or WriteProcessMemory request was completed. (0x12B)
[0816/171816.958:WARNING:pe_image_reader.cc(340)] could not read dos header from C:\WINDOWS\System32\KERNEL32.DLL
[0816/171816.958:ERROR:process_memory_win.cc(73)] ReadMemory at 0x7ffe96940000 of 64 bytes failed: Only part of a ReadProcessMemory or WriteProcessMemory request was completed. (0x12B)
[0816/171816.958:WARNING:pe_image_reader.cc(340)] could not read dos header from C:\WINDOWS\System32\KERNELBASE.dll
[0816/171816.958:ERROR:process_memory_win.cc(73)] ReadMemory at 0x7ffe74900000 of 64 bytes failed: Only part of a ReadProcessMemory or WriteProcessMemory request was completed. (0x12B)
[0816/171816.959:WARNING:pe_image_reader.cc(340)] could not read dos header from C:\Program Files (x86)\Google\Chrome\Application\84.0.4147.125\chrome_elf.dll
[0816/171816.959:ERROR:process_memory_win.cc(73)] ReadMemory at 0x7ffe8d320000 of 64 bytes failed: Only part of a ReadProcessMemory or WriteProcessMemory request was completed. (0x12B)
[0816/171816.959:WARNING:pe_image_reader.cc(340)] could not read dos header from C:\WINDOWS\SYSTEM32\VERSION.dll
[0816/171816.959:ERROR:process_memory_win.cc(73)] ReadMemory at 0x7ffe98d60000 of 64 bytes failed: Only part of a ReadProcessMemory or WriteProcessMemory request was completed. (0x12B)
[0816/171816.959:WARNING:pe_image_reader.cc(340)] could not read dos header from C:\WINDOWS\System32\msvcrt.dll
[0816/171816.959:ERROR:process_memory_win.cc(73)] ReadMemory at 0x7ffe96dd0000 of 64 bytes failed: Only part of a ReadProcessMemory or WriteProcessMemory request was completed. (0x12B)
[0816/171816.959:WARNING:pe_image_reader.cc(340)] could not read dos header from C:\WINDOWS\System32\bcryptPrimitives.dll
[0816/171816.959:ERROR:process_memory_win.cc(73)] ReadMemory at 0x7ffe98160000 of 64 bytes failed: Only part of a ReadProcessMemory or WriteProcessMemory request was completed. (0x12B)
[0816/171816.959:WARNING:pe_image_reader.cc(340)] could not read dos header from C:\WINDOWS\System32\ADVAPI32.dll
[0816/171816.959:ERROR:process_memory_win.cc(73)] ReadMemory at 0x7ffe98ac0000 of 64 bytes failed: Only part of a ReadProcessMemory or WriteProcessMemory request was completed. (0x12B)
[0816/171816.960:WARNING:pe_image_reader.cc(340)] could not read dos header from C:\WINDOWS\System32\sechost.dll
[0816/171816.960:ERROR:process_memory_win.cc(73)] ReadMemory at 0x7ffe97780000 of 64 bytes failed: Only part of a ReadProcessMemory or WriteProcessMemory request was completed. (0x12B)
[0816/171816.960:WARNING:pe_image_reader.cc(340)] could not read dos header from C:\WINDOWS\System32\RPCRT4.dll
[0816/171816.960:ERROR:process_memory_win.cc(73)] ReadMemory at 0x7ffe58b00000 of 64 bytes failed: Only part of a ReadProcessMemory or WriteProcessMemory request was completed. (0x12B)
[0816/171816.960:WARNING:pe_image_reader.cc(340)] could not read dos header from C:\Program Files (x86)\Google\Chrome\Application\84.0.4147.125\chrome.dll
[0816/171816.960:ERROR:process_memory_win.cc(73)] ReadMemory at 0x7ffe98520000 of 64 bytes failed: Only part of a ReadProcessMemory or WriteProcessMemory request was completed. (0x12B)
[0816/171816.960:WARNING:pe_image_reader.cc(340)] could not read dos header from C:\WINDOWS\System32\WS2_32.dll
[0816/171816.960:ERROR:process_memory_win.cc(73)] ReadMemory at 0x7ffe98c90000 of 64 bytes failed: Only part of a ReadProcessMemory or WriteProcessMemory request was completed. (0x12B)
[0816/171816.960:WARNING:pe_image_reader.cc(340)] could not read dos header from C:\WINDOWS\System32\OLEAUT32.dll
[0816/171816.961:ERROR:process_memory_win.cc(73)] ReadMemory at 0x7ffe97050000 of 64 bytes failed: Only part of a ReadProcessMemory or WriteProcessMemory request was completed. (0x12B)
[0816/171816.961:WARNING:pe_image_reader.cc(340)] could not read dos header from C:\WINDOWS\System32\msvcp_win.dll
[0816/171816.961:ERROR:process_memory_win.cc(73)] ReadMemory at 0x7ffe96e80000 of 64 bytes failed: Only part of a ReadProcessMemory or WriteProcessMemory request was completed. (0x12B)
[0816/171816.961:WARNING:pe_image_reader.cc(340)] could not read dos header from C:\WINDOWS\System32\ucrtbase.dll
[0816/171816.961:ERROR:process_memory_win.cc(73)] ReadMemory at 0x7ffe98590000 of 64 bytes failed: Only part of a ReadProcessMemory or WriteProcessMemory request was completed. (0x12B)
[0816/171816.961:WARNING:pe_image_reader.cc(340)] could not read dos header from C:\WINDOWS\System32\combase.dll
[0816/171816.961:ERROR:process_memory_win.cc(73)] ReadMemory at 0x7ffe96bf0000 of 64 bytes failed: Only part of a ReadProcessMemory or WriteProcessMemory request was completed. (0x12B)
[0816/171816.961:WARNING:pe_image_reader.cc(340)] could not read dos header from C:\WINDOWS\System32\WINTRUST.dll
[0816/171816.961:ERROR:process_memory_win.cc(73)] ReadMemory at 0x7ffe95f80000 of 64 bytes failed: Only part of a ReadProcessMemory or WriteProcessMemory request was completed. (0x12B)
[0816/171816.961:WARNING:pe_image_reader.cc(340)] could not read dos header from C:\WINDOWS\System32\MSASN1.dll
[0816/171816.961:ERROR:process_memory_win.cc(73)] ReadMemory at 0x7ffe96c50000 of 64 bytes failed: Only part of a ReadProcessMemory or WriteProcessMemory request was completed. (0x12B)
[0816/171816.962:WARNING:pe_image_reader.cc(340)] could not read dos header from C:\WINDOWS\System32\CRYPT32.dll
[0816/171816.962:ERROR:process_memory_win.cc(73)] ReadMemory at 0x7ffe95410000 of 64 bytes failed: Only part of a ReadProcessMemory or WriteProcessMemory request was completed. (0x12B)
[0816/171816.962:WARNING:pe_image_reader.cc(340)] could not read dos header from C:\WINDOWS\SYSTEM32\IPHLPAPI.DLL
[0816/171816.962:ERROR:process_memory_win.cc(73)] ReadMemory at 0x7ffe93df0000 of 64 bytes failed: Only part of a ReadProcessMemory or WriteProcessMemory request was completed. (0x12B)
[0816/171816.962:WARNING:pe_image_reader.cc(340)] could not read dos header from C:\WINDOWS\SYSTEM32\WINMM.dll
[0816/171816.962:ERROR:process_memory_win.cc(73)] ReadMemory at 0x7ffe81cf0000 of 64 bytes failed: Only part of a ReadProcessMemory or WriteProcessMemory request was completed. (0x12B)
[0816/171816.962:WARNING:pe_image_reader.cc(340)] could not read dos header from C:\WINDOWS\SYSTEM32\Secur32.dll
[0816/171816.962:ERROR:process_memory_win.cc(73)] ReadMemory at 0x7ffe95de0000 of 64 bytes failed: Only part of a ReadProcessMemory or WriteProcessMemory request was completed. (0x12B)
[0816/171816.962:WARNING:pe_image_reader.cc(340)] could not read dos header from C:\WINDOWS\SYSTEM32\USERENV.dll
[0816/171816.962:ERROR:process_memory_win.cc(73)] ReadMemory at 0x7ffe95f50000 of 64 bytes failed: Only part of a ReadProcessMemory or WriteProcessMemory request was completed. (0x12B)
[0816/171816.962:WARNING:pe_image_reader.cc(340)] could not read dos header from C:\WINDOWS\System32\profapi.dll
[0816/171816.962:ERROR:process_memory_win.cc(73)] ReadMemory at 0x7ffe7c110000 of 64 bytes failed: Only part of a ReadProcessMemory or WriteProcessMemory request was completed. (0x12B)
[0816/171816.963:WARNING:pe_image_reader.cc(340)] could not read dos header from C:\WINDOWS\SYSTEM32\UIAutomationCore.DLL
[0816/171816.963:ERROR:process_memory_win.cc(73)] ReadMemory at 0x7ffe82b80000 of 64 bytes failed: Only part of a ReadProcessMemory or WriteProcessMemory request was completed. (0x12B)
[0816/171816.963:WARNING:pe_image_reader.cc(340)] could not read dos header from C:\WINDOWS\SYSTEM32\DWrite.dll
[0816/171816.963:ERROR:process_memory_win.cc(73)] ReadMemory at 0x7ffe7e550000 of 64 bytes failed: Only part of a ReadProcessMemory or WriteProcessMemory request was completed. (0x12B)
[0816/171816.963:WARNING:pe_image_reader.cc(340)] could not read dos header from C:\WINDOWS\SYSTEM32\WINSPOOL.DRV
[0816/171816.963:ERROR:process_memory_win.cc(73)] ReadMemory at 0x7ffe95fa0000 of 64 bytes failed: Only part of a ReadProcessMemory or WriteProcessMemory request was completed. (0x12B)
[0816/171816.963:WARNING:pe_image_reader.cc(340)] could not read dos header from C:\WINDOWS\System32\kernel.appcore.dll
[0816/171816.963:ERROR:process_memory_win.cc(73)] ReadMemory at 0x7ffe96da0000 of 64 bytes failed: Only part of a ReadProcessMemory or WriteProcessMemory request was completed. (0x12B)
[0816/171816.963:WARNING:pe_image_reader.cc(340)] could not read dos header from C:\WINDOWS\System32\bcrypt.dll
[0816/171816.963:ERROR:process_memory_win.cc(73)] ReadMemory at 0x7ffe87c40000 of 64 bytes failed: Only part of a ReadProcessMemory or WriteProcessMemory request was completed. (0x12B)
[0816/171816.963:WARNING:pe_image_reader.cc(340)] could not read dos header from C:\WINDOWS\SYSTEM32\dbghelp.dll
[0816/171816.963:ERROR:process_memory_win.cc(73)] ReadMemory at 0x7ffe8c390000 of 64 bytes failed: Only part of a ReadProcessMemory or WriteProcessMemory request was completed. (0x12B)
[0816/171816.964:WARNING:pe_image_reader.cc(340)] could not read dos header from C:\WINDOWS\SYSTEM32\WINHTTP.dll
[0816/171816.964:ERROR:process_memory_win.cc(73)] ReadMemory at 0x7ffe8eb10000 of 64 bytes failed: Only part of a ReadProcessMemory or WriteProcessMemory request was completed. (0x12B)
[0816/171816.964:WARNING:pe_image_reader.cc(340)] could not read dos header from C:\WINDOWS\SYSTEM32\dhcpcsvc.DLL
[0816/171816.964:ERROR:process_memory_win.cc(73)] ReadMemory at 0x7ffe978a0000 of 64 bytes failed: Only part of a ReadProcessMemory or WriteProcessMemory request was completed. (0x12B)
[0816/171816.964:WARNING:pe_image_reader.cc(340)] could not read dos header from C:\WINDOWS\System32\NSI.dll
[0816/171816.964:ERROR:process_memory_win.cc(73)] ReadMemory at 0x7ffe93d70000 of 64 bytes failed: Only part of a ReadProcessMemory or WriteProcessMemory request was completed. (0x12B)
[0816/171816.964:WARNING:pe_image_reader.cc(340)] could not read dos header from C:\WINDOWS\SYSTEM32\WINMMBASE.dll
[0816/171816.964:ERROR:process_memory_win.cc(73)] ReadMemory at 0x7ffe96160000 of 64 bytes failed: Only part of a ReadProcessMemory or WriteProcessMemory request was completed. (0x12B)
[0816/171816.964:WARNING:pe_image_reader.cc(340)] could not read dos header from C:\WINDOWS\System32\cfgmgr32.dll
[0816/171816.964:ERROR:process_memory_win.cc(73)] ReadMemory at 0x7ffe927b0000 of 64 bytes failed: Only part of a ReadProcessMemory or WriteProcessMemory request was completed. (0x12B)
[0816/171816.964:WARNING:pe_image_reader.cc(340)] could not read dos header from C:\WINDOWS\SYSTEM32\PROPSYS.dll
[0816/171816.965:ERROR:process_memory_win.cc(73)] ReadMemory at 0x7ffe97170000 of 64 bytes failed: Only part of a ReadProcessMemory or WriteProcessMemory request was completed. (0x12B)
[0816/171816.965:WARNING:pe_image_reader.cc(340)] could not read dos header from C:\WINDOWS\System32\shcore.dll
[0816/171816.965:ERROR:process_memory_win.cc(73)] ReadMemory at 0x7ffe95e10000 of 64 bytes failed: Only part of a ReadProcessMemory or WriteProcessMemory request was completed. (0x12B)
[0816/171816.965:WARNING:pe_image_reader.cc(340)] could not read dos header from C:\WINDOWS\SYSTEM32\SSPICLI.DLL
[0816/171816.965:ERROR:process_memory_win.cc(73)] ReadMemory at 0x7ffe958d0000 of 64 bytes failed: Only part of a ReadProcessMemory or WriteProcessMemory request was completed. (0x12B)
[0816/171816.965:WARNING:pe_image_reader.cc(340)] could not read dos header from C:\WINDOWS\SYSTEM32\CRYPTBASE.DLL
[0816/171816.965:ERROR:process_memory_win.cc(73)] ReadMemory at 0x7ff61f6f0000 of 64 bytes failed: Only part of a ReadProcessMemory or WriteProcessMemory request was completed. (0x12B)
[0816/171816.965:WARNING:pe_image_reader.cc(340)] could not read dos header from C:\Program Files (x86)\Google\Chrome\Application\chrome.exe
[0816/171816.965:ERROR:process_memory_win.cc(73)] ReadMemory at 0x7ffe99040000 of 64 bytes failed: Only part of a ReadProcessMemory or WriteProcessMemory request was completed. (0x12B)
[0816/171816.965:WARNING:pe_image_reader.cc(340)] could not read dos header from C:\WINDOWS\SYSTEM32\ntdll.dll
[0816/171816.965:ERROR:process_memory_win.cc(73)] ReadMemory at 0x7ffe98430000 of 64 bytes failed: Only part of a ReadProcessMemory or WriteProcessMemory request was completed. (0x12B)
[0816/171816.966:WARNING:pe_image_reader.cc(340)] could not read dos header from C:\WINDOWS\System32\KERNEL32.DLL
[0816/171816.966:ERROR:process_memory_win.cc(73)] ReadMemory at 0x7ffe96940000 of 64 bytes failed: Only part of a ReadProcessMemory or WriteProcessMemory request was completed. (0x12B)
[0816/171816.966:WARNING:pe_image_reader.cc(340)] could not read dos header from C:\WINDOWS\System32\KERNELBASE.dll
[0816/171816.966:ERROR:process_memory_win.cc(73)] ReadMemory at 0x7ffe74900000 of 64 bytes failed: Only part of a ReadProcessMemory or WriteProcessMemory request was completed. (0x12B)
[0816/171816.966:WARNING:pe_image_reader.cc(340)] could not read dos header from C:\Program Files (x86)\Google\Chrome\Application\84.0.4147.125\chrome_elf.dll
[0816/171816.966:ERROR:process_memory_win.cc(73)] ReadMemory at 0x7ffe8d320000 of 64 bytes failed: Only part of a ReadProcessMemory or WriteProcessMemory request was completed. (0x12B)
[0816/171816.966:WARNING:pe_image_reader.cc(340)] could not read dos header from C:\WINDOWS\SYSTEM32\VERSION.dll
[0816/171816.966:ERROR:process_memory_win.cc(73)] ReadMemory at 0x7ffe98d60000 of 64 bytes failed: Only part of a ReadProcessMemory or WriteProcessMemory request was completed. (0x12B)
[0816/171816.966:WARNING:pe_image_reader.cc(340)] could not read dos header from C:\WINDOWS\System32\msvcrt.dll
[0816/171816.966:ERROR:process_memory_win.cc(73)] ReadMemory at 0x7ffe96dd0000 of 64 bytes failed: Only part of a ReadProcessMemory or WriteProcessMemory request was completed. (0x12B)
[0816/171816.966:WARNING:pe_image_reader.cc(340)] could not read dos header from C:\WINDOWS\System32\bcryptPrimitives.dll
[0816/171816.967:ERROR:process_memory_win.cc(73)] ReadMemory at 0x7ffe98160000 of 64 bytes failed: Only part of a ReadProcessMemory or WriteProcessMemory request was completed. (0x12B)
[0816/171816.967:WARNING:pe_image_reader.cc(340)] could not read dos header from C:\WINDOWS\System32\ADVAPI32.dll
[0816/171816.967:ERROR:process_memory_win.cc(73)] ReadMemory at 0x7ffe98ac0000 of 64 bytes failed: Only part of a ReadProcessMemory or WriteProcessMemory request was completed. (0x12B)
[0816/171816.967:WARNING:pe_image_reader.cc(340)] could not read dos header from C:\WINDOWS\System32\sechost.dll
[0816/171816.967:ERROR:process_memory_win.cc(73)] ReadMemory at 0x7ffe97780000 of 64 bytes failed: Only part of a ReadProcessMemory or WriteProcessMemory request was completed. (0x12B)
[0816/171816.967:WARNING:pe_image_reader.cc(340)] could not read dos header from C:\WINDOWS\System32\RPCRT4.dll
[0816/171816.967:ERROR:process_memory_win.cc(73)] ReadMemory at 0x7ffe58b00000 of 64 bytes failed: Only part of a ReadProcessMemory or WriteProcessMemory request was completed. (0x12B)
[0816/171816.967:WARNING:pe_image_reader.cc(340)] could not read dos header from C:\Program Files (x86)\Google\Chrome\Application\84.0.4147.125\chrome.dll
[0816/171816.967:ERROR:process_memory_win.cc(73)] ReadMemory at 0x7ffe98520000 of 64 bytes failed: Only part of a ReadProcessMemory or WriteProcessMemory request was completed. (0x12B)
[0816/171816.967:WARNING:pe_image_reader.cc(340)] could not read dos header from C:\WINDOWS\System32\WS2_32.dll
[0816/171816.967:ERROR:process_memory_win.cc(73)] ReadMemory at 0x7ffe98c90000 of 64 bytes failed: Only part of a ReadProcessMemory or WriteProcessMemory request was completed. (0x12B)
[0816/171816.967:WARNING:pe_image_reader.cc(340)] could not read dos header from C:\WINDOWS\System32\OLEAUT32.dll
[0816/171816.968:ERROR:process_memory_win.cc(73)] ReadMemory at 0x7ffe97050000 of 64 bytes failed: Only part of a ReadProcessMemory or WriteProcessMemory request was completed. (0x12B)
[0816/171816.968:WARNING:pe_image_reader.cc(340)] could not read dos header from C:\WINDOWS\System32\msvcp_win.dll
[0816/171816.968:ERROR:process_memory_win.cc(73)] ReadMemory at 0x7ffe96e80000 of 64 bytes failed: Only part of a ReadProcessMemory or WriteProcessMemory request was completed. (0x12B)
[0816/171816.968:WARNING:pe_image_reader.cc(340)] could not read dos header from C:\WINDOWS\System32\ucrtbase.dll
[0816/171816.968:ERROR:process_memory_win.cc(73)] ReadMemory at 0x7ffe98590000 of 64 bytes failed: Only part of a ReadProcessMemory or WriteProcessMemory request was completed. (0x12B)
[0816/171816.968:WARNING:pe_image_reader.cc(340)] could not read dos header from C:\WINDOWS\System32\combase.dll
[0816/171816.968:ERROR:process_memory_win.cc(73)] ReadMemory at 0x7ffe96bf0000 of 64 bytes failed: Only part of a ReadProcessMemory or WriteProcessMemory request was completed. (0x12B)
[0816/171816.968:WARNING:pe_image_reader.cc(340)] could not read dos header from C:\WINDOWS\System32\WINTRUST.dll
[0816/171816.968:ERROR:process_memory_win.cc(73)] ReadMemory at 0x7ffe95f80000 of 64 bytes failed: Only part of a ReadProcessMemory or WriteProcessMemory request was completed. (0x12B)
[0816/171816.968:WARNING:pe_image_reader.cc(340)] could not read dos header from C:\WINDOWS\System32\MSASN1.dll
[0816/171816.968:ERROR:process_memory_win.cc(73)] ReadMemory at 0x7ffe96c50000 of 64 bytes failed: Only part of a ReadProcessMemory or WriteProcessMemory request was completed. (0x12B)
[0816/171816.968:WARNING:pe_image_reader.cc(340)] could not read dos header from C:\WINDOWS\System32\CRYPT32.dll
[0816/171816.969:ERROR:process_memory_win.cc(73)] ReadMemory at 0x7ffe95410000 of 64 bytes failed: Only part of a ReadProcessMemory or WriteProcessMemory request was completed. (0x12B)
[0816/171816.969:WARNING:pe_image_reader.cc(340)] could not read dos header from C:\WINDOWS\SYSTEM32\IPHLPAPI.DLL
[0816/171816.969:ERROR:process_memory_win.cc(73)] ReadMemory at 0x7ffe93df0000 of 64 bytes failed: Only part of a ReadProcessMemory or WriteProcessMemory request was completed. (0x12B)
[0816/171816.969:WARNING:pe_image_reader.cc(340)] could not read dos header from C:\WINDOWS\SYSTEM32\WINMM.dll
[0816/171816.969:ERROR:process_memory_win.cc(73)] ReadMemory at 0x7ffe81cf0000 of 64 bytes failed: Only part of a ReadProcessMemory or WriteProcessMemory request was completed. (0x12B)
[0816/171816.969:WARNING:pe_image_reader.cc(340)] could not read dos header from C:\WINDOWS\SYSTEM32\Secur32.dll
[0816/171816.969:ERROR:process_memory_win.cc(73)] ReadMemory at 0x7ffe95de0000 of 64 bytes failed: Only part of a ReadProcessMemory or WriteProcessMemory request was completed. (0x12B)
[0816/171816.969:WARNING:pe_image_reader.cc(340)] could not read dos header from C:\WINDOWS\SYSTEM32\USERENV.dll
[0816/171816.969:ERROR:process_memory_win.cc(73)] ReadMemory at 0x7ffe95f50000 of 64 bytes failed: Only part of a ReadProcessMemory or WriteProcessMemory request was completed. (0x12B)
[0816/171816.969:WARNING:pe_image_reader.cc(340)] could not read dos header from C:\WINDOWS\System32\profapi.dll
[0816/171816.969:ERROR:process_memory_win.cc(73)] ReadMemory at 0x7ffe7c110000 of 64 bytes failed: Only part of a ReadProcessMemory or WriteProcessMemory request was completed. (0x12B)
[0816/171816.969:WARNING:pe_image_reader.cc(340)] could not read dos header from C:\WINDOWS\SYSTEM32\UIAutomationCore.DLL
[0816/171816.970:ERROR:process_memory_win.cc(73)] ReadMemory at 0x7ffe82b80000 of 64 bytes failed: Only part of a ReadProcessMemory or WriteProcessMemory request was completed. (0x12B)
[0816/171816.970:WARNING:pe_image_reader.cc(340)] could not read dos header from C:\WINDOWS\SYSTEM32\DWrite.dll
[0816/171816.970:ERROR:process_memory_win.cc(73)] ReadMemory at 0x7ffe7e550000 of 64 bytes failed: Only part of a ReadProcessMemory or WriteProcessMemory request was completed. (0x12B)
[0816/171816.970:WARNING:pe_image_reader.cc(340)] could not read dos header from C:\WINDOWS\SYSTEM32\WINSPOOL.DRV
[0816/171816.970:ERROR:process_memory_win.cc(73)] ReadMemory at 0x7ffe95fa0000 of 64 bytes failed: Only part of a ReadProcessMemory or WriteProcessMemory request was completed. (0x12B)
[0816/171816.970:WARNING:pe_image_reader.cc(340)] could not read dos header from C:\WINDOWS\System32\kernel.appcore.dll
[0816/171816.970:ERROR:process_memory_win.cc(73)] ReadMemory at 0x7ffe96da0000 of 64 bytes failed: Only part of a ReadProcessMemory or WriteProcessMemory request was completed. (0x12B)
[0816/171816.970:WARNING:pe_image_reader.cc(340)] could not read dos header from C:\WINDOWS\System32\bcrypt.dll
[0816/171816.970:ERROR:process_memory_win.cc(73)] ReadMemory at 0x7ffe87c40000 of 64 bytes failed: Only part of a ReadProcessMemory or WriteProcessMemory request was completed. (0x12B)
[0816/171816.970:WARNING:pe_image_reader.cc(340)] could not read dos header from C:\WINDOWS\SYSTEM32\dbghelp.dll
[0816/171816.971:ERROR:process_memory_win.cc(73)] ReadMemory at 0x7ffe8c390000 of 64 bytes failed: Only part of a ReadProcessMemory or WriteProcessMemory request was completed. (0x12B)
[0816/171816.971:WARNING:pe_image_reader.cc(340)] could not read dos header from C:\WINDOWS\SYSTEM32\WINHTTP.dll
[0816/171816.971:ERROR:process_memory_win.cc(73)] ReadMemory at 0x7ffe8eb10000 of 64 bytes failed: Only part of a ReadProcessMemory or WriteProcessMemory request was completed. (0x12B)
[0816/171816.971:WARNING:pe_image_reader.cc(340)] could not read dos header from C:\WINDOWS\SYSTEM32\dhcpcsvc.DLL
[0816/171816.971:ERROR:process_memory_win.cc(73)] ReadMemory at 0x7ffe978a0000 of 64 bytes failed: Only part of a ReadProcessMemory or WriteProcessMemory request was completed. (0x12B)
[0816/171816.971:WARNING:pe_image_reader.cc(340)] could not read dos header from C:\WINDOWS\System32\NSI.dll
[0816/171816.971:ERROR:process_memory_win.cc(73)] ReadMemory at 0x7ffe93d70000 of 64 bytes failed: Only part of a ReadProcessMemory or WriteProcessMemory request was completed. (0x12B)
[0816/171816.971:WARNING:pe_image_reader.cc(340)] could not read dos header from C:\WINDOWS\SYSTEM32\WINMMBASE.dll
[0816/171816.971:ERROR:process_memory_win.cc(73)] ReadMemory at 0x7ffe96160000 of 64 bytes failed: Only part of a ReadProcessMemory or WriteProcessMemory request was completed. (0x12B)
[0816/171816.971:WARNING:pe_image_reader.cc(340)] could not read dos header from C:\WINDOWS\System32\cfgmgr32.dll
[0816/171816.971:ERROR:process_memory_win.cc(73)] ReadMemory at 0x7ffe927b0000 of 64 bytes failed: Only part of a ReadProcessMemory or WriteProcessMemory request was completed. (0x12B)
[0816/171816.971:WARNING:pe_image_reader.cc(340)] could not read dos header from C:\WINDOWS\SYSTEM32\PROPSYS.dll
[0816/171816.971:ERROR:process_memory_win.cc(73)] ReadMemory at 0x7ffe97170000 of 64 bytes failed: Only part of a ReadProcessMemory or WriteProcessMemory request was completed. (0x12B)
[0816/171816.972:WARNING:pe_image_reader.cc(340)] could not read dos header from C:\WINDOWS\System32\shcore.dll
[0816/171816.972:ERROR:process_memory_win.cc(73)] ReadMemory at 0x7ffe95e10000 of 64 bytes failed: Only part of a ReadProcessMemory or WriteProcessMemory request was completed. (0x12B)
[0816/171816.972:WARNING:pe_image_reader.cc(340)] could not read dos header from C:\WINDOWS\SYSTEM32\SSPICLI.DLL
[0816/171816.972:ERROR:process_memory_win.cc(73)] ReadMemory at 0x7ffe958d0000 of 64 bytes failed: Only part of a ReadProcessMemory or WriteProcessMemory request was completed. (0x12B)
[0816/171816.972:WARNING:pe_image_reader.cc(340)] could not read dos header from C:\WINDOWS\SYSTEM32\CRYPTBASE.DLL
[0816/171816.989:ERROR:process_memory_win.cc(73)] ReadMemory at 0xaadbbf6000 of 40960 bytes failed: Only part of a ReadProcessMemory or WriteProcessMemory request was completed. (0x12B)
[0816/171816.989:ERROR:process_memory_win.cc(73)] ReadMemory at 0xaadc3fd000 of 12288 bytes failed: Only part of a ReadProcessMemory or WriteProcessMemory request was completed. (0x12B)
[0816/171816.989:ERROR:process_memory_win.cc(73)] ReadMemory at 0xaadcbfd000 of 12288 bytes failed: Only part of a ReadProcessMemory or WriteProcessMemory request was completed. (0x12B)
[0816/171816.990:ERROR:process_memory_win.cc(73)] ReadMemory at 0xaadd3fc000 of 16384 bytes failed: Only part of a ReadProcessMemory or WriteProcessMemory request was completed. (0x12B)
[0816/171816.990:ERROR:process_memory_win.cc(73)] ReadMemory at 0xaaddbfc000 of 16384 bytes failed: Only part of a ReadProcessMemory or WriteProcessMemory request was completed. (0x12B)
[0816/171816.990:ERROR:process_memory_win.cc(73)] ReadMemory at 0xaade3ff000 of 4096 bytes failed: Only part of a ReadProcessMemory or WriteProcessMemory request was completed. (0x12B)
[0816/171816.990:ERROR:process_memory_win.cc(73)] ReadMemory at 0xaadebfd000 of 12288 bytes failed: Only part of a ReadProcessMemory or WriteProcessMemory request was completed. (0x12B)
[0816/171816.991:ERROR:process_memory_win.cc(73)] ReadMemory at 0xaadf3fc000 of 16384 bytes failed: Only part of a ReadProcessMemory or WriteProcessMemory request was completed. (0x12B)
[0816/171816.991:ERROR:process_memory_win.cc(73)] ReadMemory at 0xaae03fd000 of 12288 bytes failed: Only part of a ReadProcessMemory or WriteProcessMemory request was completed. (0x12B)
[0816/171816.991:ERROR:process_memory_win.cc(73)] ReadMemory at 0xaae0bfd000 of 12288 bytes failed: Only part of a ReadProcessMemory or WriteProcessMemory request was completed. (0x12B)
[0816/171816.991:ERROR:process_memory_win.cc(73)] ReadMemory at 0xaae13fd000 of 12288 bytes failed: Only part of a ReadProcessMemory or WriteProcessMemory request was completed. (0x12B)
[0816/171816.991:ERROR:process_memory_win.cc(73)] ReadMemory at 0xaae1bfd000 of 12288 bytes failed: Only part of a ReadProcessMemory or WriteProcessMemory request was completed. (0x12B)
[0816/171816.991:ERROR:process_memory_win.cc(73)] ReadMemory at 0xaae23fd000 of 12288 bytes failed: Only part of a ReadProcessMemory or WriteProcessMemory request was completed. (0x12B)
[0816/171816.992:ERROR:process_memory_win.cc(73)] ReadMemory at 0xaae2bfd000 of 12288 bytes failed: Only part of a ReadProcessMemory or WriteProcessMemory request was completed. (0x12B)
[0816/171816.992:ERROR:process_memory_win.cc(73)] ReadMemory at 0xaadb3b8000 of 852 bytes failed: Only part of a ReadProcessMemory or WriteProcessMemory request was completed. (0x12B)
[0816/171816.992:ERROR:process_memory_win.cc(73)] ReadMemory at 0xaadb3b9000 of 6024 bytes failed: Only part of a ReadProcessMemory or WriteProcessMemory request was completed. (0x12B)
[0816/171816.992:ERROR:process_memory_win.cc(73)] ReadMemory at 0xaadb3bb000 of 6024 bytes failed: Only part of a ReadProcessMemory or WriteProcessMemory request was completed. (0x12B)
[0816/171816.992:ERROR:process_memory_win.cc(73)] ReadMemory at 0xaadb3bd000 of 6024 bytes failed: Only part of a ReadProcessMemory or WriteProcessMemory request was completed. (0x12B)
[0816/171816.993:ERROR:process_memory_win.cc(73)] ReadMemory at 0xaadb3bf000 of 6024 bytes failed: Only part of a ReadProcessMemory or WriteProcessMemory request was completed. (0x12B)
[0816/171816.993:ERROR:process_memory_win.cc(73)] ReadMemory at 0xaadb3c1000 of 6024 bytes failed: Only part of a ReadProcessMemory or WriteProcessMemory request was completed. (0x12B)
[0816/171816.993:ERROR:process_memory_win.cc(73)] ReadMemory at 0xaadb3c3000 of 6024 bytes failed: Only part of a ReadProcessMemory or WriteProcessMemory request was completed. (0x12B)
[0816/171816.993:ERROR:process_memory_win.cc(73)] ReadMemory at 0xaadb3c5000 of 6024 bytes failed: Only part of a ReadProcessMemory or WriteProcessMemory request was completed. (0x12B)
[0816/171816.994:ERROR:process_memory_win.cc(73)] ReadMemory at 0xaadb3c7000 of 6024 bytes failed: Only part of a ReadProcessMemory or WriteProcessMemory request was completed. (0x12B)
[0816/171816.994:ERROR:process_memory_win.cc(73)] ReadMemory at 0xaadb3cb000 of 6024 bytes failed: Only part of a ReadProcessMemory or WriteProcessMemory request was completed. (0x12B)
[0816/171816.994:ERROR:process_memory_win.cc(73)] ReadMemory at 0xaadb3cd000 of 6024 bytes failed: Only part of a ReadProcessMemory or WriteProcessMemory request was completed. (0x12B)
[0816/171816.995:ERROR:process_memory_win.cc(73)] ReadMemory at 0xaadb3cf000 of 6024 bytes failed: Only part of a ReadProcessMemory or WriteProcessMemory request was completed. (0x12B)
[0816/171816.995:ERROR:process_memory_win.cc(73)] ReadMemory at 0xaadb3d1000 of 6024 bytes failed: Only part of a ReadProcessMemory or WriteProcessMemory request was completed. (0x12B)
[0816/171816.995:ERROR:process_memory_win.cc(73)] ReadMemory at 0xaadb3d3000 of 6024 bytes failed: Only part of a ReadProcessMemory or WriteProcessMemory request was completed. (0x12B)
[0816/171816.995:ERROR:process_memory_win.cc(73)] ReadMemory at 0xaadb3d5000 of 6024 bytes failed: Only part of a ReadProcessMemory or WriteProcessMemory request was completed. (0x12B)
[0816/171816.996:ERROR:process_memory_win.cc(73)] ReadMemory at 0x1b5efa70000 of 384 bytes failed: Only part of a ReadProcessMemory or WriteProcessMemory request was completed. (0x12B)
[0816/171816.996:ERROR:process_memory_win.cc(73)] ReadMemory at 0x1b5efa70fe0 of 19698 bytes failed: Only part of a ReadProcessMemory or WriteProcessMemory request was completed. (0x12B)
[0816/171816.996:ERROR:process_memory_win.cc(73)] ReadMemory at 0x1b5efa75ce0 of 1012 bytes failed: Only part of a ReadProcessMemory or WriteProcessMemory request was completed. (0x12B)
[0816/171816.997:ERROR:process_memory_win.cc(73)] ReadMemory at 0x1b5efa76328 of 118 bytes failed: Only part of a ReadProcessMemory or WriteProcessMemory request was completed. (0x12B)
[0816/171816.997:ERROR:process_memory_win.cc(73)] ReadMemory at 0x1b5efa763a0 of 890 bytes failed: Only part of a ReadProcessMemory or WriteProcessMemory request was completed. (0x12B)
[0816/171816.997:ERROR:process_memory_win.cc(73)] ReadMemory at 0x1b5efa7671c of 118 bytes failed: Only part of a ReadProcessMemory or WriteProcessMemory request was completed. (0x12B)
[0816/171816.997:ERROR:process_memory_win.cc(73)] ReadMemory at 0x1b5efa76794 of 98 bytes failed: Only part of a ReadProcessMemory or WriteProcessMemory request was completed. (0x12B)
[0816/171816.998:ERROR:process_memory_win.cc(73)] ReadMemory at 0x1b5efa76810 of 58 bytes failed: Only part of a ReadProcessMemory or WriteProcessMemory request was completed. (0x12B)
[0816/171816.998:ERROR:process_memory_win.cc(73)] ReadMemory at 0x1b5efa76910 of 132 bytes failed: Only part of a ReadProcessMemory or WriteProcessMemory request was completed. (0x12B)
[0816/171816.998:ERROR:process_memory_win.cc(73)] ReadMemory at 0x1b5efa76aa0 of 132 bytes failed: Only part of a ReadProcessMemory or WriteProcessMemory request was completed. (0x12B)
[0816/171816.998:ERROR:process_memory_win.cc(73)] ReadMemory at 0x1b5efa76c60 of 126 bytes failed: Only part of a ReadProcessMemory or WriteProcessMemory request was completed. (0x12B)
[0816/171816.998:ERROR:process_memory_win.cc(73)] ReadMemory at 0x1b5efa77040 of 132 bytes failed: Only part of a ReadProcessMemory or WriteProcessMemory request was completed. (0x12B)
[0816/171816.999:ERROR:process_memory_win.cc(73)] ReadMemory at 0x1b5efa771d0 of 64 bytes failed: Only part of a ReadProcessMemory or WriteProcessMemory request was completed. (0x12B)
[0816/171816.999:ERROR:process_memory_win.cc(73)] ReadMemory at 0x1b5efa77390 of 132 bytes failed: Only part of a ReadProcessMemory or WriteProcessMemory request was completed. (0x12B)
[0816/171816.999:ERROR:process_memory_win.cc(73)] ReadMemory at 0x1b5efa77630 of 132 bytes failed: Only part of a ReadProcessMemory or WriteProcessMemory request was completed. (0x12B)
[0816/171816.999:ERROR:process_memory_win.cc(73)] ReadMemory at 0x1b5efa777c0 of 68 bytes failed: Only part of a ReadProcessMemory or WriteProcessMemory request was completed. (0x12B)
[0816/171817.000:ERROR:process_memory_win.cc(73)] ReadMemory at 0x1b5efa788d0 of 132 bytes failed: Only part of a ReadProcessMemory or WriteProcessMemory request was completed. (0x12B)
[0816/171817.000:ERROR:process_memory_win.cc(73)] ReadMemory at 0x1b5efa78a60 of 154 bytes failed: Only part of a ReadProcessMemory or WriteProcessMemory request was completed. (0x12B)
[0816/171817.000:ERROR:process_memory_win.cc(73)] ReadMemory at 0x1b5efa7aa90 of 62 bytes failed: Only part of a ReadProcessMemory or WriteProcessMemory request was completed. (0x12B)
[0816/171817.001:ERROR:process_memory_win.cc(73)] ReadMemory at 0x1b5efa7abf0 of 132 bytes failed: Only part of a ReadProcessMemory or WriteProcessMemory request was completed. (0x12B)
[0816/171817.001:ERROR:process_memory_win.cc(73)] ReadMemory at 0x1b5efa7ad80 of 60 bytes failed: Only part of a ReadProcessMemory or WriteProcessMemory request was completed. (0x12B)
[0816/171817.001:ERROR:process_memory_win.cc(73)] ReadMemory at 0x1b5efa880f0 of 60 bytes failed: Only part of a ReadProcessMemory or WriteProcessMemory request was completed. (0x12B)
[0816/171817.001:ERROR:process_memory_win.cc(73)] ReadMemory at 0x1b5efa88140 of 64 bytes failed: Only part of a ReadProcessMemory or WriteProcessMemory request was completed. (0x12B)
[0816/171817.002:ERROR:process_memory_win.cc(73)] ReadMemory at 0x1b5efa88190 of 66 bytes failed: Only part of a ReadProcessMemory or WriteProcessMemory request was completed. (0x12B)
[0816/171817.002:ERROR:process_memory_win.cc(73)] ReadMemory at 0x1b5efa881e0 of 62 bytes failed: Only part of a ReadProcessMemory or WriteProcessMemory request was completed. (0x12B)
[0816/171817.002:ERROR:process_memory_win.cc(73)] ReadMemory at 0x1b5efa88230 of 62 bytes failed: Only part of a ReadProcessMemory or WriteProcessMemory request was completed. (0x12B)
[0816/171817.002:ERROR:process_memory_win.cc(73)] ReadMemory at 0x1b5efa88320 of 60 bytes failed: Only part of a ReadProcessMemory or WriteProcessMemory request was completed. (0x12B)
[0816/171817.003:ERROR:process_memory_win.cc(73)] ReadMemory at 0x1b5efa88370 of 58 bytes failed: Only part of a ReadProcessMemory or WriteProcessMemory request was completed. (0x12B)
[0816/171817.003:ERROR:process_memory_win.cc(73)] ReadMemory at 0x1b5efa883c0 of 62 bytes failed: Only part of a ReadProcessMemory or WriteProcessMemory request was completed. (0x12B)
[0816/171817.003:ERROR:process_memory_win.cc(73)] ReadMemory at 0x1b5efa88410 of 62 bytes failed: Only part of a ReadProcessMemory or WriteProcessMemory request was completed. (0x12B)
[0816/171817.004:ERROR:process_memory_win.cc(73)] ReadMemory at 0x1b5efa88460 of 60 bytes failed: Only part of a ReadProcessMemory or WriteProcessMemory request was completed. (0x12B)
[0816/171817.004:ERROR:process_memory_win.cc(73)] ReadMemory at 0x1b5efa88550 of 62 bytes failed: Only part of a ReadProcessMemory or WriteProcessMemory request was completed. (0x12B)
[0816/171817.004:ERROR:process_memory_win.cc(73)] ReadMemory at 0x1b5efa88690 of 64 bytes failed: Only part of a ReadProcessMemory or WriteProcessMemory request was completed. (0x12B)
[0816/171817.004:ERROR:process_memory_win.cc(73)] ReadMemory at 0x1b5efa886e0 of 60 bytes failed: Only part of a ReadProcessMemory or WriteProcessMemory request was completed. (0x12B)
[0816/171817.005:ERROR:process_memory_win.cc(73)] ReadMemory at 0x1b5efa887d0 of 60 bytes failed: Only part of a ReadProcessMemory or WriteProcessMemory request was completed. (0x12B)
[0816/171817.005:ERROR:process_memory_win.cc(73)] ReadMemory at 0x1b5efa889b0 of 64 bytes failed: Only part of a ReadProcessMemory or WriteProcessMemory request was completed. (0x12B)
[0816/171817.005:ERROR:process_memory_win.cc(73)] ReadMemory at 0x1b5efa88a50 of 64 bytes failed: Only part of a ReadProcessMemory or WriteProcessMemory request was completed. (0x12B)
[0816/171817.005:ERROR:process_memory_win.cc(73)] ReadMemory at 0x1b5efa88af0 of 62 bytes failed: Only part of a ReadProcessMemory or WriteProcessMemory request was completed. (0x12B)
[0816/171817.006:ERROR:process_memory_win.cc(73)] ReadMemory at 0x1b5efa88b90 of 64 bytes failed: Only part of a ReadProcessMemory or WriteProcessMemory request was completed. (0x12B)
[0816/171817.006:ERROR:process_memory_win.cc(73)] ReadMemory at 0x1b5efa88c80 of 62 bytes failed: Only part of a ReadProcessMemory or WriteProcessMemory request was completed. (0x12B)
[0816/171817.006:ERROR:process_memory_win.cc(73)] ReadMemory at 0x1b5efa88e60 of 64 bytes failed: Only part of a ReadProcessMemory or WriteProcessMemory request was completed. (0x12B)
[0816/171817.006:ERROR:process_memory_win.cc(73)] ReadMemory at 0x1b5efa89470 of 80 bytes failed: Only part of a ReadProcessMemory or WriteProcessMemory request was completed. (0x12B)
[0816/171817.007:ERROR:process_memory_win.cc(73)] ReadMemory at 0x1b5efa8ce30 of 132 bytes failed: Only part of a ReadProcessMemory or WriteProcessMemory request was completed. (0x12B)
[0816/171817.007:ERROR:process_memory_win.cc(73)] ReadMemory at 0x1b5efa8d240 of 132 bytes failed: Only part of a ReadProcessMemory or WriteProcessMemory request was completed. (0x12B)
[0816/171817.007:ERROR:process_memory_win.cc(73)] ReadMemory at 0x1b5efa8d370 of 132 bytes failed: Only part of a ReadProcessMemory or WriteProcessMemory request was completed. (0x12B)
[0816/171817.007:ERROR:process_memory_win.cc(73)] ReadMemory at 0x1b5efa8db90 of 132 bytes failed: Only part of a ReadProcessMemory or WriteProcessMemory request was completed. (0x12B)
[0816/171817.007:ERROR:process_memory_win.cc(73)] ReadMemory at 0x1b5efa8dd10 of 132 bytes failed: Only part of a ReadProcessMemory or WriteProcessMemory request was completed. (0x12B)
[0816/171817.007:ERROR:process_memory_win.cc(73)] ReadMemory at 0x1b5efa8de40 of 132 bytes failed: Only part of a ReadProcessMemory or WriteProcessMemory request was completed. (0x12B)
[0816/171817.008:ERROR:process_memory_win.cc(73)] ReadMemory at 0x1b5efa8df70 of 132 bytes failed: Only part of a ReadProcessMemory or WriteProcessMemory request was completed. (0x12B)
[0816/171817.008:ERROR:process_memory_win.cc(73)] ReadMemory at 0x1b5efa8e0a0 of 132 bytes failed: Only part of a ReadProcessMemory or WriteProcessMemory request was completed. (0x12B)
[0816/171817.008:ERROR:process_memory_win.cc(73)] ReadMemory at 0x1b5efa8e1d0 of 132 bytes failed: Only part of a ReadProcessMemory or WriteProcessMemory request was completed. (0x12B)
[0816/171817.008:ERROR:process_memory_win.cc(73)] ReadMemory at 0x1b5efa8e300 of 132 bytes failed: Only part of a ReadProcessMemory or WriteProcessMemory request was completed. (0x12B)
[0816/171817.008:ERROR:process_memory_win.cc(73)] ReadMemory at 0x1b5efa8e430 of 132 bytes failed: Only part of a ReadProcessMemory or WriteProcessMemory request was completed. (0x12B)
[0816/171817.008:ERROR:process_memory_win.cc(73)] ReadMemory at 0x1b5efa8e560 of 132 bytes failed: Only part of a ReadProcessMemory or WriteProcessMemory request was completed. (0x12B)
[0816/171817.009:ERROR:process_memory_win.cc(73)] ReadMemory at 0x1b5efa8e690 of 132 bytes failed: Only part of a ReadProcessMemory or WriteProcessMemory request was completed. (0x12B)
[0816/171817.009:ERROR:process_memory_win.cc(73)] ReadMemory at 0x1b5efa8e7c0 of 132 bytes failed: Only part of a ReadProcessMemory or WriteProcessMemory request was completed. (0x12B)
[0816/171817.009:ERROR:process_memory_win.cc(73)] ReadMemory at 0x1b5efa8e8f0 of 132 bytes failed: Only part of a ReadProcessMemory or WriteProcessMemory request was completed. (0x12B)
[0816/171817.009:ERROR:process_memory_win.cc(73)] ReadMemory at 0x1b5efa8ea20 of 132 bytes failed: Only part of a ReadProcessMemory or WriteProcessMemory request was completed. (0x12B)
[0816/171817.009:ERROR:process_memory_win.cc(73)] ReadMemory at 0x1b5efa903e0 of 54 bytes failed: Only part of a ReadProcessMemory or WriteProcessMemory request was completed. (0x12B)
[0816/171817.009:ERROR:process_memory_win.cc(73)] ReadMemory at 0x1b5efa90ef0 of 132 bytes failed: Only part of a ReadProcessMemory or WriteProcessMemory request was completed. (0x12B)
[0816/171817.010:ERROR:process_memory_win.cc(73)] ReadMemory at 0x1b5efa99fa0 of 132 bytes failed: Only part of a ReadProcessMemory or WriteProcessMemory request was completed. (0x12B)
[0816/171817.010:ERROR:process_memory_win.cc(73)] ReadMemory at 0x1b5efa9a1c0 of 132 bytes failed: Only part of a ReadProcessMemory or WriteProcessMemory request was completed. (0x12B)
[0816/171817.010:ERROR:process_memory_win.cc(73)] ReadMemory at 0x1b5efa9a590 of 132 bytes failed: Only part of a ReadProcessMemory or WriteProcessMemory request was completed. (0x12B)
[0816/171817.010:ERROR:process_memory_win.cc(73)] ReadMemory at 0x1b5efa9b960 of 132 bytes failed: Only part of a ReadProcessMemory or WriteProcessMemory request was completed. (0x12B)
[0816/171817.010:ERROR:process_memory_win.cc(73)] ReadMemory at 0x1b5efa9ba90 of 132 bytes failed: Only part of a ReadProcessMemory or WriteProcessMemory request was completed. (0x12B)
[0816/171817.010:ERROR:process_memory_win.cc(73)] ReadMemory at 0x1b5efa9bf50 of 132 bytes failed: Only part of a ReadProcessMemory or WriteProcessMemory request was completed. (0x12B)
[0816/171817.011:ERROR:process_memory_win.cc(73)] ReadMemory at 0x1b5efa9c1b0 of 132 bytes failed: Only part of a ReadProcessMemory or WriteProcessMemory request was completed. (0x12B)
[0816/171817.011:ERROR:process_memory_win.cc(73)] ReadMemory at 0x1b5efa9c540 of 132 bytes failed: Only part of a ReadProcessMemory or WriteProcessMemory request was completed. (0x12B)
[0816/171817.011:ERROR:process_memory_win.cc(73)] ReadMemory at 0x1b5efa9cd90 of 132 bytes failed: Only part of a ReadProcessMemory or WriteProcessMemory request was completed. (0x12B)
[0816/171817.011:ERROR:process_memory_win.cc(73)] ReadMemory at 0x1b5efa9d120 of 132 bytes failed: Only part of a ReadProcessMemory or WriteProcessMemory request was completed. (0x12B)
[0816/171817.011:ERROR:process_memory_win.cc(73)] ReadMemory at 0x1b5efa9d250 of 132 bytes failed: Only part of a ReadProcessMemory or WriteProcessMemory request was completed. (0x12B)
[0816/171817.012:ERROR:process_memory_win.cc(73)] ReadMemory at 0x1b5efa9d4b0 of 132 bytes failed: Only part of a ReadProcessMemory or WriteProcessMemory request was completed. (0x12B)
[0816/171817.012:ERROR:process_memory_win.cc(73)] ReadMemory at 0x1b5efa9d5e0 of 132 bytes failed: Only part of a ReadProcessMemory or WriteProcessMemory request was completed. (0x12B)
[0816/171817.012:ERROR:process_memory_win.cc(73)] ReadMemory at 0x1b5efa9dea0 of 146 bytes failed: Only part of a ReadProcessMemory or WriteProcessMemory request was completed. (0x12B)
[0816/171817.012:ERROR:process_memory_win.cc(73)] ReadMemory at 0x1b5efa9f950 of 132 bytes failed: Only part of a ReadProcessMemory or WriteProcessMemory request was completed. (0x12B)
[0816/171817.012:ERROR:process_memory_win.cc(73)] ReadMemory at 0x1b5efa9fc60 of 132 bytes failed: Only part of a ReadProcessMemory or WriteProcessMemory request was completed. (0x12B)
[0816/171817.013:ERROR:process_memory_win.cc(73)] ReadMemory at 0x1b5efaa1c70 of 80 bytes failed: Only part of a ReadProcessMemory or WriteProcessMemory request was completed. (0x12B)
[0816/171817.013:ERROR:process_memory_win.cc(73)] ReadMemory at 0x1b5efaa1cd0 of 76 bytes failed: Only part of a ReadProcessMemory or WriteProcessMemory request was completed. (0x12B)
[0816/171817.013:ERROR:process_memory_win.cc(73)] ReadMemory at 0x1b5efaa2670 of 62 bytes failed: Only part of a ReadProcessMemory or WriteProcessMemory request was completed. (0x12B)
[0816/171817.013:ERROR:process_memory_win.cc(73)] ReadMemory at 0x1b5efaa2ad0 of 64 bytes failed: Only part of a ReadProcessMemory or WriteProcessMemory request was completed. (0x12B)
[0816/171817.013:ERROR:process_memory_win.cc(73)] ReadMemory at 0x1b5efaa2c10 of 62 bytes failed: Only part of a ReadProcessMemory or WriteProcessMemory request was completed. (0x12B)
[0816/171817.013:ERROR:process_memory_win.cc(73)] ReadMemory at 0x1b5efaa2cb0 of 60 bytes failed: Only part of a ReadProcessMemory or WriteProcessMemory request was completed. (0x12B)
[0816/171817.014:ERROR:process_memory_win.cc(73)] ReadMemory at 0x1b5efaa3110 of 66 bytes failed: Only part of a ReadProcessMemory or WriteProcessMemory request was completed. (0x12B)
[0816/171817.014:ERROR:process_memory_win.cc(73)] ReadMemory at 0x1b5efaa3250 of 64 bytes failed: Only part of a ReadProcessMemory or WriteProcessMemory request was completed. (0x12B)
[0816/171817.014:ERROR:process_memory_win.cc(73)] ReadMemory at 0x1b5efaa3390 of 62 bytes failed: Only part of a ReadProcessMemory or WriteProcessMemory request was completed. (0x12B)
[0816/171817.014:ERROR:process_memory_win.cc(73)] ReadMemory at 0x1b5efb02fa0 of 512 bytes failed: Only part of a ReadProcessMemory or WriteProcessMemory request was completed. (0x12B)
[0816/171817.014:ERROR:process_memory_win.cc(73)] ReadMemory at 0x1b5efb18b30 of 512 bytes failed: Only part of a ReadProcessMemory or WriteProcessMemory request was completed. (0x12B)
[0816/171817.014:ERROR:process_memory_win.cc(73)] ReadMemory at 0x1b5efb23460 of 512 bytes failed: Only part of a ReadProcessMemory or WriteProcessMemory request was completed. (0x12B)
[0816/171817.015:ERROR:process_memory_win.cc(73)] ReadMemory at 0x1b5efb2dec0 of 992 bytes failed: Only part of a ReadProcessMemory or WriteProcessMemory request was completed. (0x12B)
[0816/171817.015:ERROR:process_memory_win.cc(73)] ReadMemory at 0x1b5efb3e230 of 712 bytes failed: Only part of a ReadProcessMemory or WriteProcessMemory request was completed. (0x12B)
[0816/171817.015:ERROR:process_memory_win.cc(73)] ReadMemory at 0x1b5efb56530 of 512 bytes failed: Only part of a ReadProcessMemory or WriteProcessMemory request was completed. (0x12B)
[0816/171817.015:ERROR:process_memory_win.cc(73)] ReadMemory at 0x1b5efc40c40 of 512 bytes failed: Only part of a ReadProcessMemory or WriteProcessMemory request was completed. (0x12B)
[0816/171817.015:ERROR:process_memory_win.cc(73)] ReadMemory at 0x1b5efc410c0 of 512 bytes failed: Only part of a ReadProcessMemory or WriteProcessMemory request was completed. (0x12B)
[0816/171817.016:ERROR:process_memory_win.cc(73)] ReadMemory at 0x1b5efc43b80 of 512 bytes failed: Only part of a ReadProcessMemory or WriteProcessMemory request was completed. (0x12B)
[0816/171817.016:ERROR:process_memory_win.cc(73)] ReadMemory at 0x1b5f14846e0 of 512 bytes failed: Only part of a ReadProcessMemory or WriteProcessMemory request was completed. (0x12B)
[0816/171817.016:ERROR:process_memory_win.cc(73)] ReadMemory at 0x1b5f1488440 of 512 bytes failed: Only part of a ReadProcessMemory or WriteProcessMemory request was completed. (0x12B)
[0816/171817.016:ERROR:process_memory_win.cc(73)] ReadMemory at 0x1b5f14bc710 of 512 bytes failed: Only part of a ReadProcessMemory or WriteProcessMemory request was completed. (0x12B)
[0816/171817.016:ERROR:process_memory_win.cc(73)] ReadMemory at 0x1b5f14cf581 of 512 bytes failed: Only part of a ReadProcessMemory or WriteProcessMemory request was completed. (0x12B)
[0816/171817.016:ERROR:process_memory_win.cc(73)] ReadMemory at 0x1b5f166abe0 of 512 bytes failed: Only part of a ReadProcessMemory or WriteProcessMemory request was completed. (0x12B)
[0816/171817.017:ERROR:process_memory_win.cc(73)] ReadMemory at 0x1b5f16b28d0 of 512 bytes failed: Only part of a ReadProcessMemory or WriteProcessMemory request was completed. (0x12B)
[0816/171817.017:ERROR:process_memory_win.cc(73)] ReadMemory at 0x7ffe58b0e6b8 of 512 bytes failed: Only part of a ReadProcessMemory or WriteProcessMemory request was completed. (0x12B)
[0816/171817.017:ERROR:process_memory_win.cc(73)] ReadMemory at 0x7ffe5aa08db0 of 512 bytes failed: Only part of a ReadProcessMemory or WriteProcessMemory request was completed. (0x12B)
[0816/171817.017:ERROR:process_memory_win.cc(73)] ReadMemory at 0x7ffe5ad76e1c of 512 bytes failed: Only part of a ReadProcessMemory or WriteProcessMemory request was completed. (0x12B)
[0816/171817.017:ERROR:process_memory_win.cc(73)] ReadMemory at 0x7ffe606833c8 of 512 bytes failed: Only part of a ReadProcessMemory or WriteProcessMemory request was completed. (0x12B)
[0816/171817.017:ERROR:process_memory_win.cc(73)] ReadMemory at 0x7ffe608f88b0 of 512 bytes failed: Only part of a ReadProcessMemory or WriteProcessMemory request was completed. (0x12B)
[0816/171817.018:ERROR:process_memory_win.cc(73)] ReadMemory at 0x7ffe9697a719 of 512 bytes failed: Only part of a ReadProcessMemory or WriteProcessMemory request was completed. (0x12B)
[0816/171817.018:ERROR:process_memory_win.cc(73)] ReadMemory at 0x7ffe990dc074 of 672 bytes failed: Only part of a ReadProcessMemory or WriteProcessMemory request was completed. (0x12B)
[0816/171817.018:ERROR:process_memory_win.cc(73)] ReadMemory at 0x7ffe990dc674 of 512 bytes failed: Only part of a ReadProcessMemory or WriteProcessMemory request was completed. (0x12B)
[0816/171817.018:ERROR:process_memory_win.cc(73)] ReadMemory at 0x7ffe990df924 of 608 bytes failed: Only part of a ReadProcessMemory or WriteProcessMemory request was completed. (0x12B)
[0816/171817.018:ERROR:process_memory_win.cc(73)] ReadMemory at 0x7ffe9916c428 of 18 bytes failed: Only part of a ReadProcessMemory or WriteProcessMemory request was completed. (0x12B)
[0816/171817.019:ERROR:process_memory_win.cc(73)] ReadMemory at 0x7ffe9919f4f8 of 40 bytes failed: Only part of a ReadProcessMemory or WriteProcessMemory request was completed. (0x12B)
[0816/171817.019:ERROR:process_memory_win.cc(73)] ReadMemory at 0x7ffe9919f978 of 48 bytes failed: Only part of a ReadProcessMemory or WriteProcessMemory request was completed. (0x12B)
[0816/171817.019:ERROR:process_memory_win.cc(73)] ReadMemory at 0x7ffe991a53c0 of 64 bytes failed: Only part of a ReadProcessMemory or WriteProcessMemory request was completed. (0x12B)
[0816/171817.022:ERROR:scoped_process_suspend.cc(40)] NtResumeProcess: An attempt was made to access an exiting process. (0xc000010a)
